<?xml version="1.0" encoding="UTF-8"?>
<!-- Generated by org.testng.reporters.JUnitReportReporter -->
<testsuite skipped="0" hostname="DESKTOP-2NEM2G6" name="com.crm.qa.testcases.LoginPageTest" tests="2" failures="0" timestamp="2021-06-10T22:59:21 IST" time="17.541" errors="0">
  <testcase name="loginPageTitleTest" time="6.535" classname="com.crm.qa.testcases.LoginPageTest"/>
  <system-out/>
  <testcase name="loginTest" time="11.006" classname="com.crm.qa.testcases.LoginPageTest"/>
  <system-out/>
</testsuite> <!-- com.crm.qa.testcases.LoginPageTest -->
