<?xml version="1.0" encoding="UTF-8"?>
<!-- Generated by org.testng.reporters.JUnitReportReporter -->
<testsuite skipped="0" hostname="DESKTOP-2NEM2G6" name="com.crm.qa.testcases.HomePageTest" tests="3" failures="0" timestamp="2021-09-27T21:30:03 IST" time="41.201" errors="0">
  <testcase name="verifyHomePageTitleTest" time="13.095" classname="com.crm.qa.testcases.HomePageTest"/>
  <system-out/>
  <testcase name="verifyUserNameTest" time="15.100" classname="com.crm.qa.testcases.HomePageTest"/>
  <system-out/>
  <testcase name="verifyCalenderLinkTest" time="13.006" classname="com.crm.qa.testcases.HomePageTest"/>
  <system-out/>
</testsuite> <!-- com.crm.qa.testcases.HomePageTest -->
