<?xml version="1.0" encoding="UTF-8"?>
<!-- Generated by org.testng.reporters.JUnitReportReporter -->
<testsuite skipped="0" hostname="DESKTOP-2NEM2G6" name="com.crm.qa.testcases.LoginPageTest" tests="2" failures="0" timestamp="2021-10-07T23:08:41 IST" time="16.290" errors="0">
  <testcase name="loginPageTitleTest" time="5.581" classname="com.crm.qa.testcases.LoginPageTest"/>
  <system-out/>
  <testcase name="loginTest" time="10.709" classname="com.crm.qa.testcases.LoginPageTest"/>
  <system-out/>
</testsuite> <!-- com.crm.qa.testcases.LoginPageTest -->
