<?xml version="1.0" encoding="UTF-8"?>
<!-- Generated by org.testng.reporters.JUnitReportReporter -->
<testsuite skipped="0" hostname="DESKTOP-2NEM2G6" name="com.crm.qa.testcases.HomePageTest" tests="3" failures="0" timestamp="2021-06-10T22:59:21 IST" time="32.054" errors="0">
  <testcase name="verifyHomePageTitleTest" time="9.052" classname="com.crm.qa.testcases.HomePageTest"/>
  <system-out/>
  <testcase name="verifyUserNameTest" time="11.916" classname="com.crm.qa.testcases.HomePageTest"/>
  <system-out/>
  <testcase name="verifyCalenderLinkTest" time="11.086" classname="com.crm.qa.testcases.HomePageTest"/>
  <system-out/>
</testsuite> <!-- com.crm.qa.testcases.HomePageTest -->
