<?xml version="1.0" encoding="UTF-8"?>
<!-- Generated by org.testng.reporters.JUnitReportReporter -->
<testsuite skipped="0" hostname="DESKTOP-2NEM2G6" name="com.psqa.test2.HomePageTest2" tests="2" failures="0" timestamp="2021-06-05T12:36:09 IST" time="18.822" errors="0">
  <testcase name="clickOnCalendersLinkTest" time="10.214" classname="com.psqa.test2.HomePageTest2"/>
  <system-out/>
  <testcase name="verifyHomePageUserNameTest" time="8.608" classname="com.psqa.test2.HomePageTest2"/>
  <system-out/>
</testsuite> <!-- com.psqa.test2.HomePageTest2 -->
