<?xml version="1.0" encoding="UTF-8"?>
<!-- Generated by org.testng.reporters.JUnitReportReporter -->
<testsuite skipped="0" hostname="DESKTOP-2NEM2G6" name="com.psqa.test2.LoginPageTest2" tests="2" failures="0" timestamp="2021-06-05T11:32:10 IST" time="16.353" errors="0">
  <testcase name="loginPageTitleTest" time="4.752" classname="com.psqa.test2.LoginPageTest2"/>
  <system-out/>
  <testcase name="loginToHomePageTest" time="11.601" classname="com.psqa.test2.LoginPageTest2"/>
  <system-out/>
</testsuite> <!-- com.psqa.test2.LoginPageTest2 -->
