<?xml version="1.0" encoding="UTF-8"?>
<!-- Generated by org.testng.reporters.JUnitReportReporter -->
<testsuite skipped="0" hostname="DESKTOP-2NEM2G6" name="com.testcases.LoginPageTest" tests="2" failures="0" timestamp="2021-09-24T20:57:44 IST" time="13.443" errors="0">
  <testcase name="loginPageTitle" time="3.732" classname="com.testcases.LoginPageTest"/>
  <system-out/>
  <testcase name="verifyLogin" time="9.711" classname="com.testcases.LoginPageTest"/>
  <system-out/>
</testsuite> <!-- com.testcases.LoginPageTest -->
