<?xml version="1.0" encoding="UTF-8"?>
<!-- Generated by org.testng.reporters.JUnitReportReporter -->
<testsuite name="TestNGBasics1" tests="1" time="0.004" ignored="0" failures="0" timestamp="26 Oct 2021 21:07:14 GMT" skipped="0" hostname="DESKTOP-2NEM2G6" errors="0">
  <testcase name="test1" time="0.004" classname="TestNGBasics1"/>
</testsuite> <!-- TestNGBasics1 -->
