<?xml version="1.0" encoding="UTF-8"?>
<!-- Generated by org.testng.reporters.JUnitReportReporter -->
<testsuite name="TestNG1.expectedExceptions5" tests="1" time="0.008" ignored="0" failures="0" timestamp="27 Oct 2021 13:36:03 GMT" skipped="0" hostname="DESKTOP-2NEM2G6" errors="0">
  <testcase name="test5" time="0.008" classname="TestNG1.expectedExceptions5"/>
</testsuite> <!-- TestNG1.expectedExceptions5 -->
