<?xml version="1.0" encoding="UTF-8"?>
<!-- Generated by org.testng.reporters.JUnitReportReporter -->
<testsuite name="ExpectedException5" tests="1" time="0.008" ignored="0" failures="0" timestamp="26 Oct 2021 21:27:26 GMT" skipped="0" hostname="DESKTOP-2NEM2G6" errors="0">
  <testcase name="test1" time="0.008" classname="ExpectedException5"/>
</testsuite> <!-- ExpectedException5 -->
