<?xml version="1.0" encoding="UTF-8"?>
<!-- Generated by org.testng.reporters.JUnitReportReporter -->
<testsuite name="GoogleTest2" tests="1" time="9.074" ignored="0" failures="0" timestamp="26 Oct 2021 21:12:46 GMT" skipped="0" hostname="DESKTOP-2NEM2G6" errors="0">
  <testcase name="getTitle" time="9.074" classname="GoogleTest2"/>
</testsuite> <!-- GoogleTest2 -->
