<?xml version="1.0" encoding="UTF-8"?>
<!-- Generated by org.testng.reporters.JUnitReportReporter -->
<testsuite name="TestNG1.invocationCount6" tests="3" time="0.007" ignored="0" failures="0" timestamp="27 Oct 2021 13:37:16 GMT" skipped="0" hostname="DESKTOP-2NEM2G6" errors="0">
  <testcase name="test6" time="0.000" classname="TestNG1.invocationCount6"/>
  <testcase name="test6" time="0.000" classname="TestNG1.invocationCount6"/>
  <testcase name="test6" time="0.007" classname="TestNG1.invocationCount6"/>
</testsuite> <!-- TestNG1.invocationCount6 -->
