<?xml version="1.0" encoding="UTF-8"?>
<!-- Generated by org.testng.reporters.JUnitReportReporter -->
<testsuite name="dependsOnMethods3" tests="2" time="0.010" ignored="0" failures="0" timestamp="26 Oct 2021 21:17:03 GMT" skipped="0" hostname="DESKTOP-2NEM2G6" errors="0">
  <testcase name="test2" time="0.002" classname="dependsOnMethods3"/>
  <testcase name="test1" time="0.008" classname="dependsOnMethods3"/>
</testsuite> <!-- dependsOnMethods3 -->
