<?xml version="1.0" encoding="UTF-8"?>
<!-- Generated by org.testng.reporters.JUnitReportReporter -->
<testsuite name="TestNG1.GoogleTest2" tests="1" time="11.566" ignored="0" failures="0" timestamp="27 Oct 2021 13:30:22 GMT" skipped="0" hostname="DESKTOP-2NEM2G6" errors="0">
  <testcase name="test1" time="11.566" classname="TestNG1.GoogleTest2"/>
</testsuite> <!-- TestNG1.GoogleTest2 -->
