<?xml version="1.0" encoding="UTF-8"?>
<!-- Generated by org.testng.reporters.JUnitReportReporter -->
<testsuite name="InvocationCount3" tests="5" time="0.010" ignored="0" failures="0" timestamp="26 Oct 2021 21:18:41 GMT" skipped="0" hostname="DESKTOP-2NEM2G6" errors="0">
  <testcase name="test1" time="0.007" classname="InvocationCount3"/>
  <testcase name="test1" time="0.001" classname="InvocationCount3"/>
  <testcase name="test1" time="0.001" classname="InvocationCount3"/>
  <testcase name="test1" time="0.001" classname="InvocationCount3"/>
  <testcase name="test1" time="0.000" classname="InvocationCount3"/>
</testsuite> <!-- InvocationCount3 -->
