<?xml version="1.0" encoding="UTF-8"?>
<!-- Generated by org.testng.reporters.JUnitReportReporter -->
<testsuite skipped="0" hostname="DESKTOP-2NEM2G6" name="com.testng.ExpectedException6" tests="1" failures="0" timestamp="2021-10-17T17:26:18 IST" time="0.005" errors="0">
  <testcase name="test1" time="0.005" classname="com.testng.ExpectedException6"/>
  <system-out/>
</testsuite> <!-- com.testng.ExpectedException6 -->
