<?xml version="1.0" encoding="UTF-8"?>
<!-- Generated by org.testng.reporters.JUnitReportReporter -->
<testsuite skipped="0" hostname="DESKTOP-2NEM2G6" name="com.testng.Assertion7" tests="1" failures="0" timestamp="2021-10-17T17:28:06 IST" time="5.572" errors="0">
  <testcase name="test1" time="5.572" classname="com.testng.Assertion7"/>
  <system-out/>
</testsuite> <!-- com.testng.Assertion7 -->
