<?xml version="1.0" encoding="UTF-8"?>
<!-- Generated by org.testng.reporters.JUnitReportReporter -->
<testsuite skipped="0" hostname="DESKTOP-2NEM2G6" name="com.testng.Basics1" tests="2" failures="0" timestamp="2021-10-17T17:01:48 IST" time="0.000" errors="0">
  <testcase name="test1" time="0.000" classname="com.testng.Basics1"/>
  <system-out/>
  <testcase name="test2" time="0.000" classname="com.testng.Basics1"/>
  <system-out/>
</testsuite> <!-- com.testng.Basics1 -->
