<?xml version="1.0" encoding="UTF-8"?>
<!-- Generated by org.testng.reporters.JUnitReportReporter -->
<testsuite skipped="0" hostname="DESKTOP-2NEM2G6" name="com.testng.googleTest2" tests="1" failures="0" timestamp="2021-10-17T17:09:12 IST" time="7.789" errors="0">
  <testcase name="test1" time="7.789" classname="com.testng.googleTest2"/>
  <system-out/>
</testsuite> <!-- com.testng.googleTest2 -->
