<?xml version="1.0" encoding="UTF-8"?>
<!-- Generated by org.testng.reporters.JUnitReportReporter -->
<testsuite name="DataDrivenTesting.DataDrivenTest" tests="4" time="38.208" ignored="0" failures="0" timestamp="25 Oct 2021 18:48:26 GMT" skipped="0" hostname="DESKTOP-2NEM2G6" errors="0">
  <testcase name="loginTest" time="33.420" classname="DataDrivenTesting.DataDrivenTest"/>
  <testcase name="loginTest" time="2.025" classname="DataDrivenTesting.DataDrivenTest"/>
  <testcase name="loginTest" time="1.105" classname="DataDrivenTesting.DataDrivenTest"/>
  <testcase name="loginTest" time="1.658" classname="DataDrivenTesting.DataDrivenTest"/>
</testsuite> <!-- DataDrivenTesting.DataDrivenTest -->
